---------------BEGIN---------------
ID:12153139247954691809
DATE:27-08-2020 17:02:40
CLASSIFICATION RESULT:положительно
TELEPHONE NUMBER:88005553535
AUDIO DURATION:5.700s
RECOGNITION TEXT:вас приветствует автоответчик оставьте сообщение после сигнала
-------------END-------------



---------------BEGIN---------------
ID:11248093796564451534
DATE:27-08-2020 17:03:48
CLASSIFICATION RESULT:положительно
TELEPHONE NUMBER:88005553535
AUDIO DURATION:5.700s
RECOGNITION TEXT:вас приветствует автоответчик оставьте сообщение после сигнала
-------------END-------------



---------------BEGIN---------------
ID:12795968802173187112
DATE:27-08-2020 17:04:25
CLASSIFICATION RESULT:положительно
TELEPHONE NUMBER:88005553535
AUDIO DURATION:3.300s
RECOGNITION TEXT:алло говорите
-------------END-------------



---------------BEGIN---------------
ID:11161280646175036681
DATE:27-08-2020 17:04:31
CLASSIFICATION RESULT:положительно
TELEPHONE NUMBER:88005553535
AUDIO DURATION:4.500s
RECOGNITION TEXT:ну да удобно его слушаю
-------------END-------------



---------------BEGIN---------------
ID:13667792832988180035
DATE:27-08-2020 17:04:35
CLASSIFICATION RESULT:отрицательно
TELEPHONE NUMBER:88005553535
AUDIO DURATION:3.900s
RECOGNITION TEXT:нет я сейчас на работе до свидания
-------------END-------------



---------------BEGIN---------------
ID:13588943101552978629
DATE:27-08-2020 17:05:09
CLASSIFICATION RESULT:человек
TELEPHONE NUMBER:88005553535
AUDIO DURATION:3.900s
RECOGNITION TEXT:нет я сейчас на работе до свидания
-------------END-------------



---------------BEGIN---------------
ID:13561297854893513911
DATE:27-08-2020 17:05:22
CLASSIFICATION RESULT:автоответчик
TELEPHONE NUMBER:88005553535
AUDIO DURATION:5.700s
RECOGNITION TEXT:вас приветствует автоответчик оставьте сообщение после сигнала
-------------END-------------



---------------BEGIN---------------
ID:9903413717362870137
DATE:27-08-2020 17:08:11
CLASSIFICATION RESULT:автоответчик
TELEPHONE NUMBER:88005553535
AUDIO DURATION:5.700s
RECOGNITION TEXT:вас приветствует автоответчик оставьте сообщение после сигнала
-------------END-------------



---------------BEGIN---------------
ID:11217671568265287961
DATE:27-08-2020 17:08:20
CLASSIFICATION RESULT:человек
TELEPHONE NUMBER:88005553535
AUDIO DURATION:3.300s
RECOGNITION TEXT:алло говорите
-------------END-------------



---------------BEGIN---------------
ID:10255538445305072123
DATE:27-08-2020 17:10:44
CLASSIFICATION RESULT:человек
TELEPHONE NUMBER:88005553535
AUDIO DURATION:3.300s
RECOGNITION TEXT:алло говорите
-------------END-------------



---------------BEGIN---------------
ID:11061092770566455820
DATE:27-08-2020 17:11:03
CLASSIFICATION RESULT:человек
TELEPHONE NUMBER:88005553535
AUDIO DURATION:4.500s
RECOGNITION TEXT:ну да удобно его слушаю
-------------END-------------



---------------BEGIN---------------
ID:13215915323561966636
DATE:27-08-2020 17:11:23
CLASSIFICATION RESULT:положительно
TELEPHONE NUMBER:88005553535
AUDIO DURATION:4.500s
RECOGNITION TEXT:ну да удобно его слушаю
-------------END-------------



---------------BEGIN---------------
ID:11760597080209490559
DATE:27-08-2020 19:14:02
CLASSIFICATION RESULT:положительно
TELEPHONE NUMBER:88005553535
AUDIO DURATION:4.500s
RECOGNITION TEXT:ну да удобно его слушаю
-------------END-------------



---------------BEGIN---------------
ID:11420532952963832977
DATE:27-08-2020 19:14:48
CLASSIFICATION RESULT:положительно
TELEPHONE NUMBER:88005553535
AUDIO DURATION:4.500s
RECOGNITION TEXT:ну да удобно его слушаю
-------------END-------------



---------------BEGIN---------------
ID:11808433216432698386
DATE:27-08-2020 19:24:46
CLASSIFICATION RESULT:положительно
TELEPHONE NUMBER:88005553535
AUDIO DURATION:4.500s
RECOGNITION TEXT:ну да удобно его слушаю
-------------END-------------



---------------BEGIN---------------
ID:9515629204879407829
DATE:27-08-2020 19:25:21
CLASSIFICATION RESULT:положительно
TELEPHONE NUMBER:88005553535
AUDIO DURATION:4.500s
RECOGNITION TEXT:ну да удобно его слушаю
-------------END-------------



---------------BEGIN---------------
ID:12148163991097577203
DATE:27-08-2020 19:25:46
CLASSIFICATION RESULT:положительно
TELEPHONE NUMBER:88005553535
AUDIO DURATION:4.500s
RECOGNITION TEXT:ну да удобно его слушаю
-------------END-------------



---------------BEGIN---------------
ID:12367157547075099296
DATE:27-08-2020 19:26:00
CLASSIFICATION RESULT:положительно
TELEPHONE NUMBER:88005553535
AUDIO DURATION:4.500s
RECOGNITION TEXT:ну да удобно его слушаю
-------------END-------------



---------------BEGIN---------------
ID:13750669354195263309
DATE:27-08-2020 19:26:33
CLASSIFICATION RESULT:положительно
TELEPHONE NUMBER:88005553535
AUDIO DURATION:4.500s
RECOGNITION TEXT:ну да удобно его слушаю
-------------END-------------



---------------BEGIN---------------
ID:12201804251754861607
DATE:27-08-2020 19:27:40
CLASSIFICATION RESULT:положительно
TELEPHONE NUMBER:88005553535
AUDIO DURATION:4.500s
RECOGNITION TEXT:ну да удобно его слушаю
-------------END-------------



---------------BEGIN---------------
ID:11643090143121701688
DATE:27-08-2020 19:28:41
CLASSIFICATION RESULT:положительно
TELEPHONE NUMBER:88005553535
AUDIO DURATION:4.500s
RECOGNITION TEXT:ну да удобно его слушаю
-------------END-------------



---------------BEGIN---------------
ID:10073619982591679650
DATE:27-08-2020 19:31:13
CLASSIFICATION RESULT:положительно
TELEPHONE NUMBER:88005553535
AUDIO DURATION:4.500s
RECOGNITION TEXT:ну да удобно его слушаю
-------------END-------------



---------------BEGIN---------------
ID:10532265773799498018
DATE:27-08-2020 19:31:32
CLASSIFICATION RESULT:положительно
TELEPHONE NUMBER:88005553535
AUDIO DURATION:4.500s
RECOGNITION TEXT:ну да удобно его слушаю
-------------END-------------



---------------BEGIN---------------
ID:11621929003071039245
DATE:27-08-2020 19:39:24
CLASSIFICATION RESULT:положительно
TELEPHONE NUMBER:88005553535
AUDIO DURATION:4.500s
RECOGNITION TEXT:ну да удобно его слушаю
----------------END---------------



---------------BEGIN---------------
ID:13394528349341555392
DATE:27-08-2020 19:47:12
CLASSIFICATION RESULT:положительно
TELEPHONE NUMBER:88005553535
AUDIO DURATION:4.500s
RECOGNITION TEXT:ну да удобно его слушаю
----------------END---------------



---------------BEGIN---------------
ID:10037146965458254187
DATE:27-08-2020 19:47:57
CLASSIFICATION RESULT:положительно
TELEPHONE NUMBER:88005553535
AUDIO DURATION:4.500s
RECOGNITION TEXT:ну да удобно его слушаю
----------------END---------------



---------------BEGIN---------------
ID:11003139203340657224
DATE:27-08-2020 19:49:16
CLASSIFICATION RESULT:положительно
TELEPHONE NUMBER:88005553535
AUDIO DURATION:4.500s
RECOGNITION TEXT:ну да удобно его слушаю
----------------END---------------



---------------BEGIN---------------
ID:10899821468997044192
DATE:27-08-2020 19:49:24
CLASSIFICATION RESULT:положительно
TELEPHONE NUMBER:88005553535
AUDIO DURATION:4.500s
RECOGNITION TEXT:ну да удобно его слушаю
----------------END---------------



---------------BEGIN---------------
ID:0
DATE:27-08-2020 19:49:54
CLASSIFICATION RESULT:положительно
TELEPHONE NUMBER:88005553535
AUDIO DURATION:4.500s
RECOGNITION TEXT:ну да удобно его слушаю
----------------END---------------



---------------BEGIN---------------
ID:1125899906842624
DATE:27-08-2020 19:50:07
CLASSIFICATION RESULT:положительно
TELEPHONE NUMBER:88005553535
AUDIO DURATION:4.500s
RECOGNITION TEXT:ну да удобно его слушаю
----------------END---------------



---------------BEGIN---------------
ID:1125899906842624
DATE:27-08-2020 19:51:13
CLASSIFICATION RESULT:положительно
TELEPHONE NUMBER:88005553535
AUDIO DURATION:4.500s
RECOGNITION TEXT:ну да удобно его слушаю
----------------END---------------



---------------BEGIN---------------
ID:1125899906842624
DATE:27-08-2020 19:52:05
CLASSIFICATION RESULT:положительно
TELEPHONE NUMBER:88005553535
AUDIO DURATION:5.700s
RECOGNITION TEXT:вас приветствует автоответчик оставьте сообщение после сигнала
----------------END---------------



---------------BEGIN---------------
ID:1125899906842624
DATE:27-08-2020 19:53:09
CLASSIFICATION RESULT:положительно
TELEPHONE NUMBER:88005553535
AUDIO DURATION:5.700s
RECOGNITION TEXT:вас приветствует автоответчик оставьте сообщение после сигнала
----------------END---------------



---------------BEGIN---------------
ID:380594624793154
DATE:27-08-2020 19:53:31
CLASSIFICATION RESULT:положительно
TELEPHONE NUMBER:88005553535
AUDIO DURATION:5.700s
RECOGNITION TEXT:вас приветствует автоответчик оставьте сообщение после сигнала
----------------END---------------



---------------BEGIN---------------
ID:783487328993386
DATE:27-08-2020 19:53:42
CLASSIFICATION RESULT:положительно
TELEPHONE NUMBER:88005553535
AUDIO DURATION:5.700s
RECOGNITION TEXT:вас приветствует автоответчик оставьте сообщение после сигнала
----------------END---------------



---------------BEGIN---------------
ID:127995124495377
DATE:27-08-2020 19:54:41
CLASSIFICATION RESULT:автоответчик
TELEPHONE NUMBER:88005553535
AUDIO DURATION:5.700s
RECOGNITION TEXT:вас приветствует автоответчик оставьте сообщение после сигнала
----------------END---------------



---------------BEGIN---------------
ID:790818061018995
DATE:27-08-2020 20:10:51
CLASSIFICATION RESULT:человек
TELEPHONE NUMBER:88005553535
AUDIO DURATION:3.900s
RECOGNITION TEXT:нет я сейчас на работе до свидания
----------------END---------------



---------------BEGIN---------------
ID:622132145914874
DATE:27-08-2020 20:29:54
CLASSIFICATION RESULT:автоответчик
TELEPHONE NUMBER:88005553535
AUDIO DURATION:5.700s
RECOGNITION TEXT:вас приветствует автоответчик оставьте сообщение после сигнала
----------------END---------------



---------------BEGIN---------------
ID:890983499435606
DATE:27-08-2020 20:31:04
CLASSIFICATION RESULT:автоответчик
TELEPHONE NUMBER:88005553535
AUDIO DURATION:5.700s
RECOGNITION TEXT:вас приветствует автоответчик оставьте сообщение после сигнала
----------------END---------------



---------------BEGIN---------------
ID:416198722786641
DATE:27-08-2020 20:51:56
CLASSIFICATION RESULT:автоответчик
TELEPHONE NUMBER:88005553535
AUDIO DURATION:5.700s
RECOGNITION TEXT:вас приветствует автоответчик оставьте сообщение после сигнала
----------------END---------------



---------------BEGIN---------------
ID:632616545512534
DATE:27-08-2020 20:54:42
CLASSIFICATION RESULT:автоответчик
TELEPHONE NUMBER:88005553535
AUDIO DURATION:5.700s
RECOGNITION TEXT:вас приветствует автоответчик оставьте сообщение после сигнала
----------------END---------------



---------------BEGIN---------------
ID:852767350714669
DATE:27-08-2020 20:57:13
CLASSIFICATION RESULT:автоответчик
TELEPHONE NUMBER:88005553535
AUDIO DURATION:5.700s
RECOGNITION TEXT:вас приветствует автоответчик оставьте сообщение после сигнала
----------------END---------------



---------------BEGIN---------------
ID:711961333383020
DATE:27-08-2020 21:11:31
CLASSIFICATION RESULT:автоответчик
TELEPHONE NUMBER:88005553535
AUDIO DURATION:5.700s
RECOGNITION TEXT:вас приветствует автоответчик оставьте сообщение после сигнала
----------------END---------------



---------------BEGIN---------------
ID:424363627174332
DATE:27-08-2020 21:14:53
CLASSIFICATION RESULT:положительно
TELEPHONE NUMBER:88005553535
AUDIO DURATION:5.700s
RECOGNITION TEXT:вас приветствует автоответчик оставьте сообщение после сигнала
----------------END---------------



---------------BEGIN---------------
ID:672311455145174
DATE:27-08-2020 21:16:00
CLASSIFICATION RESULT:положительно
TELEPHONE NUMBER:88005553535
AUDIO DURATION:5.700s
RECOGNITION TEXT:вас приветствует автоответчик оставьте сообщение после сигнала
----------------END---------------



---------------BEGIN---------------
ID:277332385890784
DATE:27-08-2020 21:20:47
CLASSIFICATION RESULT:положительно
TELEPHONE NUMBER:88693450493
AUDIO DURATION:5.700s
RECOGNITION TEXT:вас приветствует автоответчик оставьте сообщение после сигнала
----------------END---------------



---------------BEGIN---------------
ID:367574804989445
DATE:27-08-2020 21:22:26
CLASSIFICATION RESULT:положительно
TELEPHONE NUMBER:88693450493
AUDIO DURATION:5.700s
RECOGNITION TEXT:вас приветствует автоответчик оставьте сообщение после сигнала
----------------END---------------



---------------BEGIN---------------
ID:1085730653222494
DATE:27-08-2020 21:46:03
CLASSIFICATION RESULT:автоответчик
TELEPHONE NUMBER:88693450493
AUDIO DURATION:5.700s
RECOGNITION TEXT:вас приветствует автоответчик оставьте сообщение после сигнала
----------------END---------------



---------------BEGIN---------------
ID:10896587828792
DATE:27-08-2020 21:46:18
CLASSIFICATION RESULT:человек
TELEPHONE NUMBER:88693450493
AUDIO DURATION:3.300s
RECOGNITION TEXT:алло говорите
----------------END---------------



---------------BEGIN---------------
ID:485364768186746
DATE:27-08-2020 21:46:29
CLASSIFICATION RESULT:положительно
TELEPHONE NUMBER:88693450493
AUDIO DURATION:4.500s
RECOGNITION TEXT:ну да удобно его слушаю
----------------END---------------



---------------BEGIN---------------
ID:953422294047977
DATE:27-08-2020 21:46:33
CLASSIFICATION RESULT:человек
TELEPHONE NUMBER:88693450493
AUDIO DURATION:4.500s
RECOGNITION TEXT:ну да удобно его слушаю
----------------END---------------



---------------BEGIN---------------
ID:1079219680052294
DATE:27-08-2020 22:08:22
CLASSIFICATION RESULT:положительно
TELEPHONE NUMBER:88693450493
AUDIO DURATION:5.700s
RECOGNITION TEXT:вас приветствует автоответчик оставьте сообщение после сигнала
----------------END---------------



---------------BEGIN---------------
ID:146608696498519
DATE:27-08-2020 22:08:39
CLASSIFICATION RESULT:положительно
TELEPHONE NUMBER:88693450493
AUDIO DURATION:5.700s
RECOGNITION TEXT:вас приветствует автоответчик оставьте сообщение после сигнала
----------------END---------------



---------------BEGIN---------------
ID:351081345556994
DATE:27-08-2020 22:08:44
CLASSIFICATION RESULT:автоответчик
TELEPHONE NUMBER:88693450493
AUDIO DURATION:5.700s
RECOGNITION TEXT:вас приветствует автоответчик оставьте сообщение после сигнала
----------------END---------------



---------------BEGIN---------------
ID: 102511858329746
DATE: 28-08-2020 12:08:38
CLASSIFICATION RESULT: положительно
TELEPHONE NUMBER: 6755443466
AUDIO DURATION: 5.700s
RECOGNITION TEXT: вас приветствует автоответчик оставьте сообщение после сигнала
----------------END---------------



---------------BEGIN---------------
ID: 326468736750687
DATE: 28-08-2020 12:19:43
CLASSIFICATION RESULT: положительно
TELEPHONE NUMBER: 6755443466
AUDIO DURATION: 5.700s
RECOGNITION TEXT: вас приветствует автоответчик оставьте сообщение после сигнала
----------------END---------------



---------------BEGIN---------------
ID: 768557896587628
DATE: 28-08-2020 12:24:53
CLASSIFICATION RESULT: положительно
TELEPHONE NUMBER: 6755443466
AUDIO DURATION: 5.700s
RECOGNITION TEXT: вас приветствует автоответчик оставьте сообщение после сигнала
----------------END---------------



---------------BEGIN---------------
ID: 407435750275024
DATE: 28-08-2020 12:25:26
CLASSIFICATION RESULT: положительно
TELEPHONE NUMBER: 6755443466
AUDIO DURATION: 5.700s
RECOGNITION TEXT: вас приветствует автоответчик оставьте сообщение после сигнала
----------------END---------------



---------------BEGIN---------------
ID: 166142146440970
DATE: 28-08-2020 12:25:38
CLASSIFICATION RESULT: положительно
TELEPHONE NUMBER: 6755443466
AUDIO DURATION: 5.700s
RECOGNITION TEXT: вас приветствует автоответчик оставьте сообщение после сигнала
----------------END---------------



---------------BEGIN---------------
ID: 1010358563758454
DATE: 28-08-2020 12:29:16
CLASSIFICATION RESULT: положительно
TELEPHONE NUMBER: 6755443466
AUDIO DURATION: 5.700s
RECOGNITION TEXT: вас приветствует автоответчик оставьте сообщение после сигнала
----------------END---------------



---------------BEGIN---------------
ID: 225061502787184
DATE: 28-08-2020 12:29:40
CLASSIFICATION RESULT: положительно
TELEPHONE NUMBER: 6755443466
AUDIO DURATION: 5.700s
RECOGNITION TEXT: вас приветствует автоответчик оставьте сообщение после сигнала
----------------END---------------



---------------BEGIN---------------
ID: 316430307436659
DATE: 28-08-2020 13:03:15
CLASSIFICATION RESULT: положительно
TELEPHONE NUMBER: 6755443466
AUDIO DURATION: 5.700s
RECOGNITION TEXT: вас приветствует автоответчик оставьте сообщение после сигнала
----------------END---------------



---------------BEGIN---------------
ID: 1087982110314837
DATE: 28-08-2020 14:30:09
CLASSIFICATION RESULT: положительно
TELEPHONE NUMBER: 6755443466
AUDIO DURATION: 5.700s
RECOGNITION TEXT: вас приветствует автоответчик оставьте сообщение после сигнала
----------------END---------------



---------------BEGIN---------------
ID: 982813353737858
DATE: 28-08-2020 15:29:38
CLASSIFICATION RESULT: положительно
TELEPHONE NUMBER: 6755443466
AUDIO DURATION: 5.700s
RECOGNITION TEXT: вас приветствует автоответчик оставьте сообщение после сигнала
----------------END---------------



---------------BEGIN---------------
ID: 714288255197789
DATE: 28-08-2020 18:45:48
CLASSIFICATION RESULT: положительно
TELEPHONE NUMBER: 9732486465
AUDIO DURATION: 4.500s
RECOGNITION TEXT: ну да удобно его слушаю
----------------END---------------



---------------BEGIN---------------
ID: 760989123641183
DATE: 28-08-2020 18:46:41
CLASSIFICATION RESULT: положительно
TELEPHONE NUMBER: 9732486465
AUDIO DURATION: 5.700s
RECOGNITION TEXT: вас приветствует автоответчик оставьте сообщение после сигнала
----------------END---------------



---------------BEGIN---------------
ID: 633757983278464
DATE: 28-08-2020 18:46:49
CLASSIFICATION RESULT: положительно
TELEPHONE NUMBER: 9732486465
AUDIO DURATION: 3.300s
RECOGNITION TEXT: алло говорите
----------------END---------------



